<?xml version="1.0" encoding="UTF-8"?>
<!-- Generated by org.testng.reporters.JUnitReportReporter -->
<testsuite hostname="Welcome" name="ReportDemo.Application" tests="1" failures="0" timestamp="5 May 2019 09:01:04 GMT" time="21.567" errors="0">
  <testcase name="Validation" time="21.567" classname="ReportDemo.Application"/>
</testsuite> <!-- ReportDemo.Application -->
